<?xml version="1.0" encoding="UTF-8"?>
<!-- Generated by org.testng.reporters.JUnitReportReporter -->
<testsuite hostname="Syed-PC" name="org.syed.zoomdroid.AppTest"
	tests="12" failures="0" timestamp="20 Mar 2015 10:11:36 GMT" time="230.701"
	errors="0">
	<testcase name="leftMenu" time="13.715" classname="org.syed.zoomdroid.AppTest" />
	<testcase name="locationName" time="31.181"
		classname="org.syed.zoomdroid.AppTest" />
	<testcase name="leftMenu" time="17.355" classname="org.syed.zoomdroid.AppTest" />
	<testcase name="leftMenu" time="37.004" classname="org.syed.zoomdroid.AppTest" />
	<testcase name="leftMenu" time="13.195" classname="org.syed.zoomdroid.AppTest" />
	<testcase name="leftMenu" time="13.040" classname="org.syed.zoomdroid.AppTest" />
	<testcase name="leftMenu" time="16.560" classname="org.syed.zoomdroid.AppTest" />
	<testcase name="leftMenu" time="14.100" classname="org.syed.zoomdroid.AppTest" />
	<testcase name="leftMenu" time="13.797" classname="org.syed.zoomdroid.AppTest" />
	<testcase name="within24Booking" time="33.844"
		classname="org.syed.zoomdroid.AppTest" />
	<testcase name="leftMenu" time="13.159" classname="org.syed.zoomdroid.AppTest" />
	<testcase name="leftMenu" time="13.751" classname="org.syed.zoomdroid.AppTest" />
</testsuite> <!-- org.syed.zoomdroid.AppTest -->
