<?xml version="1.0" encoding="UTF-8"?>
<!-- Generated by org.testng.reporters.JUnitReportReporter -->
<testsuite hostname="Syed-PC" name="org.syed.zoomdroid.App" tests="1" failures="0" timestamp="13 Mar 2015 06:23:09 GMT" time="5.006" errors="0">
  <testcase name="Cal" time="5.006" classname="org.syed.zoomdroid.App"/>
</testsuite> <!-- org.syed.zoomdroid.App -->
