<?xml version="1.0" encoding="UTF-8"?>
<!-- Generated by org.testng.reporters.JUnitReportReporter -->
<testsuite hostname="Syed-PC" name="org.syed.zoomdroid.AppTest" tests="2" failures="0" timestamp="20 Mar 2015 06:47:06 GMT" time="84.507" errors="0">
  <testcase name="within24Booking" time="42.027" classname="org.syed.zoomdroid.AppTest"/>
  <testcase name="locationName" time="42.480" classname="org.syed.zoomdroid.AppTest"/>
</testsuite> <!-- org.syed.zoomdroid.AppTest -->
